<?xml version="1.0" encoding="UTF-8" ?>
<testsuite tests="4" failures="0" name="sysGears.dotLines.PointConnectorTest" time="0.034" errors="0" skipped="0">
  <properties>
[...]
</properties>
  <testcase classname="[0] Point\u002C Point\u002C Point\u002C Point\u002C Point\u002C Point (LinesShouldNotCross)(sysGears.dotLines.PointConnectorTest)" name="[0] Point\u002C Point\u002C Point\u002C Point\u002C Point\u002C Point " time="0.016"/>
  <testcase classname="[1] Point\u002C Point\u002C Point\u002C Point\u002C Point (LinesShouldNotCross)(sysGears.dotLines.PointConnectorTest)" name="[1] Point\u002C Point\u002C Point\u002C Point\u002C Point " time="0"/>
  <testcase classname="[0] [] (constructorShouldThrowIAEForAnEmptyArray)(sysGears.dotLines.PointConnectorTest)" name="[0] [] " time="0"/>
  <testcase classname="[1] [null] (constructorShouldThrowIAEForAnEmptyArray)(sysGears.dotLines.PointConnectorTest)" name="[1] [null] " time="0"/>
</testsuite>