<?xml version="1.0" encoding="UTF-8" ?>
<testsuite tests="27" failures="0" name="sysGears.crypting.compilePck.cipherWorkshop.SeparatorTest" time="0.135" errors="0" skipped="0">
  <properties>
[...]
</properties>
  <testcase classname="[0] 0001 (temperatureConrolCheckTest_B)(sysGears.crypting.compilePck.cipherWorkshop.SeparatorTest)" name="[0] 0001 " time="0"/>
  <testcase classname="[1] minus (temperatureConrolCheckTest_B)(sysGears.crypting.compilePck.cipherWorkshop.SeparatorTest)" name="[1] minus " time="0"/>
  <testcase classname="[0] Af00SrCJ (driverIdTest)(sysGears.crypting.compilePck.cipherWorkshop.SeparatorTest)" name="[0] Af00SrCJ " time="0"/>
  <testcase classname="[1] QQWEsRkf (driverIdTest)(sysGears.crypting.compilePck.cipherWorkshop.SeparatorTest)" name="[1] QQWEsRkf " time="0"/>
  <testcase classname="[2] JKCIRO (driverIdTest)(sysGears.crypting.compilePck.cipherWorkshop.SeparatorTest)" name="[2] JKCIRO " time="0"/>
  <testcase classname="[3] ZZZar (driverIdTest)(sysGears.crypting.compilePck.cipherWorkshop.SeparatorTest)" name="[3] ZZZar " time="0"/>
  <testcase classname="[4] S88KKKRsciiio (driverIdTest)(sysGears.crypting.compilePck.cipherWorkshop.SeparatorTest)" name="[4] S88KKKRsciiio " time="0.001"/>
  <testcase classname="[5] 10refe5S (driverIdTest)(sysGears.crypting.compilePck.cipherWorkshop.SeparatorTest)" name="[5] 10refe5S " time="0"/>
  <testcase classname="[0] Adf0SrCJ (fragilityTypeCheckTest_A)(sysGears.crypting.compilePck.cipherWorkshop.SeparatorTest)" name="[0] Adf0SrCJ " time="0"/>
  <testcase classname="[1] QfEsRkf (fragilityTypeCheckTest_A)(sysGears.crypting.compilePck.cipherWorkshop.SeparatorTest)" name="[1] QfEsRkf " time="0"/>
  <testcase classname="[0] Ad0SrCJ (fragilityTypeCheckTest_B)(sysGears.crypting.compilePck.cipherWorkshop.SeparatorTest)" name="[0] Ad0SrCJ " time="0"/>
  <testcase classname="[1] QQEsRkf (fragilityTypeCheckTest_B)(sysGears.crypting.compilePck.cipherWorkshop.SeparatorTest)" name="[1] QQEsRkf " time="0"/>
  <testcase classname="[0] -001 (temperatureControlCheckTest_A)(sysGears.crypting.compilePck.cipherWorkshop.SeparatorTest)" name="[0] -001 " time="0"/>
  <testcase classname="[1] +444 (temperatureControlCheckTest_A)(sysGears.crypting.compilePck.cipherWorkshop.SeparatorTest)" name="[1] +444 " time="0"/>
  <testcase classname="[0] Af00SrCJ (deletePrefixTest)(sysGears.crypting.compilePck.cipherWorkshop.SeparatorTest)" name="[0] Af00SrCJ " time="0.001"/>
  <testcase classname="[1] QQWEsRkf (deletePrefixTest)(sysGears.crypting.compilePck.cipherWorkshop.SeparatorTest)" name="[1] QQWEsRkf " time="0.004"/>
  <testcase classname="[2] JKCIRO (deletePrefixTest)(sysGears.crypting.compilePck.cipherWorkshop.SeparatorTest)" name="[2] JKCIRO " time="0"/>
  <testcase classname="[3] ZZZar (deletePrefixTest)(sysGears.crypting.compilePck.cipherWorkshop.SeparatorTest)" name="[3] ZZZar " time="0"/>
  <testcase classname="[4] S88KKKRsciiio (deletePrefixTest)(sysGears.crypting.compilePck.cipherWorkshop.SeparatorTest)" name="[4] S88KKKRsciiio " time="0.049"/>
  <testcase classname="[5] 10refe5S (deletePrefixTest)(sysGears.crypting.compilePck.cipherWorkshop.SeparatorTest)" name="[5] 10refe5S " time="0"/>
  <testcase classname="[0] 143150145145163145 (cargoNameTest)(sysGears.crypting.compilePck.cipherWorkshop.SeparatorTest)" name="[0] 143150145145163145 " time="0"/>
  <testcase classname="[1] 143150145145163145A (cargoNameTest)(sysGears.crypting.compilePck.cipherWorkshop.SeparatorTest)" name="[1] 143150145145163145A " time="0"/>
  <testcase classname="[2] 143150145145163145AA (cargoNameTest)(sysGears.crypting.compilePck.cipherWorkshop.SeparatorTest)" name="[2] 143150145145163145AA " time="0"/>
  <testcase classname="[0] Ad00SrCJ (hazardousTypeCheckTest_A)(sysGears.crypting.compilePck.cipherWorkshop.SeparatorTest)" name="[0] Ad00SrCJ " time="0"/>
  <testcase classname="[1] QdEsRkf (hazardousTypeCheckTest_A)(sysGears.crypting.compilePck.cipherWorkshop.SeparatorTest)" name="[1] QdEsRkf " time="0"/>
  <testcase classname="[0] A00SrCJ (hazardousTypeCheckTest_B)(sysGears.crypting.compilePck.cipherWorkshop.SeparatorTest)" name="[0] A00SrCJ " time="0.001"/>
  <testcase classname="[1] QQEsRkf (hazardousTypeCheckTest_B)(sysGears.crypting.compilePck.cipherWorkshop.SeparatorTest)" name="[1] QQEsRkf " time="0"/>
</testsuite>